[0.009s] Invoking command in '/home/nuc11/fast_livo2_bxi4/src/livox_ros_driver2/build/livox_ros_driver2': CMAKE_PREFIX_PATH=${CMAKE_PREFIX_PATH}:/opt/ros/humble /usr/bin/cmake /home/nuc11/fast_livo2_bxi4/src/livox_ros_driver2 -DAMENT_CMAKE_SYMLINK_INSTALL=1 -DCMAKE_INSTALL_PREFIX=/home/nuc11/fast_livo2_bxi4/src/livox_ros_driver2/install/livox_ros_driver2
[0.068s] -- The C compiler identification is GNU 11.4.0
[0.109s] -- The CXX compiler identification is GNU 11.4.0
[0.116s] -- Detecting C compiler ABI info
[0.179s] -- Detecting C compiler ABI info - done
[0.183s] -- Check for working C compiler: /usr/bin/cc - skipped
[0.183s] -- Detecting C compile features
[0.183s] -- Detecting C compile features - done
[0.185s] -- Detecting CXX compiler ABI info
[0.257s] -- Detecting CXX compiler ABI info - done
[0.261s] -- Check for working CXX compiler: /usr/bin/c++ - skipped
[0.261s] -- Detecting CXX compile features
[0.261s] -- Detecting CXX compile features - done
[0.261s] -- livox_ros_driver2 version: 1.2.4
[0.262s] -- Found ament_cmake_auto: 1.3.11 (/opt/ros/humble/share/ament_cmake_auto/cmake)
[0.364s] -- Found Python3: /usr/bin/python3 (found version "3.10.12") found components: Interpreter 
[0.398s] -- Override CMake install command with custom implementation using symlinks instead of copying resources
[0.452s] -- Using all available rosidl_typesupport_c: rosidl_typesupport_fastrtps_c;rosidl_typesupport_introspection_c
[0.455s] -- Found rosidl_adapter: 3.1.6 (/opt/ros/humble/share/rosidl_adapter/cmake)
[0.477s] -- Using all available rosidl_typesupport_cpp: rosidl_typesupport_fastrtps_cpp;rosidl_typesupport_introspection_cpp
[0.523s] -- Found rmw_implementation_cmake: 6.1.2 (/opt/ros/humble/share/rmw_implementation_cmake/cmake)
[0.524s] -- Found rmw_fastrtps_cpp: 6.2.7 (/opt/ros/humble/share/rmw_fastrtps_cpp/cmake)
[0.606s] -- Found OpenSSL: /usr/lib/x86_64-linux-gnu/libcrypto.so (found version "3.0.2")  
[0.624s] -- Found FastRTPS: /opt/ros/humble/include  
[0.653s] -- Using RMW implementation 'rmw_fastrtps_cpp' as default
[0.658s] -- Looking for pthread.h
[0.722s] -- Looking for pthread.h - found
[0.722s] -- Performing Test CMAKE_HAVE_LIBC_PTHREAD
[0.787s] -- Performing Test CMAKE_HAVE_LIBC_PTHREAD - Success
[0.788s] -- Found Threads: TRUE  
[0.870s] -- Checking for module 'eigen3'
[0.884s] --   Found eigen3, version 3.4.0
[0.930s] -- Found Eigen: /usr/include/eigen3 (Required is at least version "3.1") 
[0.930s] -- Eigen found (include: /usr/include/eigen3, version: 3.4.0)
[0.952s] -- Checking for module 'flann'
[0.971s] --   Found flann, version 1.9.1
[1.023s] -- Found FLANN: /usr/lib/x86_64-linux-gnu/libflann_cpp.so  
[1.023s] -- FLANN found (include: /usr/include, lib: /usr/lib/x86_64-linux-gnu/libflann_cpp.so)
[1.866s] -- Checking for module 'libusb-1.0'
[1.882s] --   Found libusb-1.0, version 1.0.25
[1.926s] -- Found libusb: /usr/lib/x86_64-linux-gnu/libusb-1.0.so  
[1.927s] -- OpenNI found (version: 1.5.4.0, include: /usr/include/ni, lib: /usr/lib/libOpenNI.so;libusb::libusb)
[1.994s] -- OpenNI2 found (version: 2.2.0.33, include: /usr/include/openni2, lib: /usr/lib/x86_64-linux-gnu/libOpenNI2.so;libusb::libusb)
[2.088s] -- Eigen found (include: /usr/include/eigen3, version: 3.4.0)
[2.094s] -- OpenNI found (version: 1.5.4.0, include: /usr/include/ni, lib: /usr/lib/libOpenNI.so;libusb::libusb)
[2.100s] -- OpenNI2 found (version: 2.2.0.33, include: /usr/include/openni2, lib: /usr/lib/x86_64-linux-gnu/libOpenNI2.so;libusb::libusb)
[2.192s] -- Found Qhull version 8.0.2
[2.285s] -- OpenNI found (version: 1.5.4.0, include: /usr/include/ni, lib: /usr/lib/libOpenNI.so;libusb::libusb)
[2.372s] -- Found PCL_COMMON: /usr/lib/x86_64-linux-gnu/libpcl_common.so  
[2.372s] -- Found PCL_KDTREE: /usr/lib/x86_64-linux-gnu/libpcl_kdtree.so  
[2.373s] -- Found PCL_OCTREE: /usr/lib/x86_64-linux-gnu/libpcl_octree.so  
[2.373s] -- Found PCL_SEARCH: /usr/lib/x86_64-linux-gnu/libpcl_search.so  
[2.373s] -- Found PCL_SAMPLE_CONSENSUS: /usr/lib/x86_64-linux-gnu/libpcl_sample_consensus.so  
[2.374s] -- Found PCL_FILTERS: /usr/lib/x86_64-linux-gnu/libpcl_filters.so  
[2.374s] -- Found PCL_2D: /usr/include/pcl-1.12  
[2.374s] -- Found PCL_GEOMETRY: /usr/include/pcl-1.12  
[2.375s] -- Found PCL_IO: /usr/lib/x86_64-linux-gnu/libpcl_io.so  
[2.375s] -- Found PCL_FEATURES: /usr/lib/x86_64-linux-gnu/libpcl_features.so  
[2.376s] -- Found PCL_ML: /usr/lib/x86_64-linux-gnu/libpcl_ml.so  
[2.376s] -- Found PCL_SEGMENTATION: /usr/lib/x86_64-linux-gnu/libpcl_segmentation.so  
[2.377s] -- Found PCL_VISUALIZATION: /usr/lib/x86_64-linux-gnu/libpcl_visualization.so  
[2.377s] -- Found PCL_SURFACE: /usr/lib/x86_64-linux-gnu/libpcl_surface.so  
[2.378s] -- Found PCL_REGISTRATION: /usr/lib/x86_64-linux-gnu/libpcl_registration.so  
[2.378s] -- Found PCL_KEYPOINTS: /usr/lib/x86_64-linux-gnu/libpcl_keypoints.so  
[2.379s] -- Found PCL_TRACKING: /usr/lib/x86_64-linux-gnu/libpcl_tracking.so  
[2.379s] -- Found PCL_RECOGNITION: /usr/lib/x86_64-linux-gnu/libpcl_recognition.so  
[2.380s] -- Found PCL_STEREO: /usr/lib/x86_64-linux-gnu/libpcl_stereo.so  
[2.380s] -- Found PCL_APPS: /usr/lib/x86_64-linux-gnu/libpcl_apps.so  
[2.381s] -- Found PCL_IN_HAND_SCANNER: /usr/include/pcl-1.12  
[2.381s] -- Found PCL_MODELER: /usr/include/pcl-1.12  
[2.381s] -- Found PCL_POINT_CLOUD_EDITOR: /usr/include/pcl-1.12  
[2.382s] -- Found PCL_OUTOFCORE: /usr/lib/x86_64-linux-gnu/libpcl_outofcore.so  
[2.382s] -- Found PCL_PEOPLE: /usr/lib/x86_64-linux-gnu/libpcl_people.so  
[2.409s] -- Found PkgConfig: /usr/bin/pkg-config (found version "0.29.2") 
[2.410s] -- Checking for module 'apr-1'
[2.413s] --   No package 'apr-1' found
[2.547s] -- Found ament_cmake_ros: 0.10.0 (/opt/ros/humble/share/ament_cmake_ros/cmake)
[2.674s] -- Using all available rosidl_typesupport_c: rosidl_typesupport_fastrtps_c;rosidl_typesupport_introspection_c
[2.860s] -- Using all available rosidl_typesupport_cpp: rosidl_typesupport_fastrtps_cpp;rosidl_typesupport_introspection_cpp
[2.877s] -- Found PythonInterp: /usr/bin/python3 (found suitable version "3.10.12", minimum required is "3.6") 
[2.878s] -- Found python_cmake_module: 0.10.0 (/opt/ros/humble/share/python_cmake_module/cmake)
[2.895s] -- Found PythonLibs: /usr/lib/x86_64-linux-gnu/libpython3.10.so (found suitable version "3.10.12", minimum required is "3.5") 
[2.896s] -- Using PYTHON_EXECUTABLE: /usr/bin/python3
[2.896s] -- Using PYTHON_INCLUDE_DIRS: /usr/include/python3.10
[2.896s] -- Using PYTHON_LIBRARIES: /usr/lib/x86_64-linux-gnu/libpython3.10.so
[2.910s] -- Found PythonExtra: .so  
[2.951s] -- Found ament_lint_auto: 0.12.12 (/opt/ros/humble/share/ament_lint_auto/cmake)
[2.964s] -- Added test 'copyright' to check source files copyright and LICENSE
[2.968s] -- Added test 'cppcheck' to perform static code analysis on C / C++ code
[2.969s] -- Configured cppcheck include dirs: $<BUILD_INTERFACE:/home/nuc11/fast_livo2_bxi4/src/livox_ros_driver2/build/livox_ros_driver2/rosidl_generator_c>;$<BUILD_INTERFACE:/home/nuc11/fast_livo2_bxi4/src/livox_ros_driver2/build/livox_ros_driver2/rosidl_typesupport_fastrtps_c>;$<BUILD_INTERFACE:/home/nuc11/fast_livo2_bxi4/src/livox_ros_driver2/build/livox_ros_driver2/rosidl_typesupport_introspection_c>;$<BUILD_INTERFACE:/home/nuc11/fast_livo2_bxi4/src/livox_ros_driver2/build/livox_ros_driver2/rosidl_generator_cpp>;$<BUILD_INTERFACE:/home/nuc11/fast_livo2_bxi4/src/livox_ros_driver2/build/livox_ros_driver2/rosidl_typesupport_fastrtps_cpp>;$<BUILD_INTERFACE:/home/nuc11/fast_livo2_bxi4/src/livox_ros_driver2/build/livox_ros_driver2/rosidl_typesupport_introspection_cpp>;/home/nuc11/fast_livo2_bxi4/src/livox_ros_driver2/build/livox_ros_driver2/rosidl_generator_c;/home/nuc11/fast_livo2_bxi4/src/livox_ros_driver2/build/livox_ros_driver2/rosidl_generator_py;/home/nuc11/fast_livo2_bxi4/src/livox_ros_driver2/3rdparty;/home/nuc11/fast_livo2_bxi4/src/livox_ros_driver2/src
[2.969s] -- Configured cppcheck exclude dirs and/or files: 
[2.973s] -- Added test 'cpplint' to check C / C++ code against the Google style
[2.973s] -- Configured cpplint exclude dirs and/or files: 
[2.974s] -- Added test 'flake8' to check Python code syntax and style conventions
[2.975s] -- Added test 'lint_cmake' to check CMake code style
[2.976s] -- Added test 'pep257' to check Python code against some of the docstring style conventions in PEP 257
[2.980s] -- Added test 'uncrustify' to check C / C++ code style
[2.980s] -- Configured uncrustify additional arguments: 
[2.981s] -- Added test 'xmllint' to check XML markup files
[2.983s] -- Configuring done
[2.985s] [0mCMake Error: The following variables are used in this project, but they are set to NOTFOUND.
[2.985s] Please set them or make sure they are set and tested correctly in the CMake files:
[2.985s] /home/nuc11/fast_livo2_bxi4/src/livox_ros_driver2/LIVOX_INTERFACES_INCLUDE_DIRECTORIES
[2.985s]    used as include directory in directory /home/nuc11/fast_livo2_bxi4/src/livox_ros_driver2
[2.985s] [0m
[3.017s] -- Generating done
[3.019s] [0mCMake Generate step failed.  Build files cannot be regenerated correctly.[0m
[3.030s] Invoked command in '/home/nuc11/fast_livo2_bxi4/src/livox_ros_driver2/build/livox_ros_driver2' returned '1': CMAKE_PREFIX_PATH=${CMAKE_PREFIX_PATH}:/opt/ros/humble /usr/bin/cmake /home/nuc11/fast_livo2_bxi4/src/livox_ros_driver2 -DAMENT_CMAKE_SYMLINK_INSTALL=1 -DCMAKE_INSTALL_PREFIX=/home/nuc11/fast_livo2_bxi4/src/livox_ros_driver2/install/livox_ros_driver2
