[0.052s] DEBUG:colcon:Command line arguments: ['/usr/bin/colcon', 'build', '--symlink-install', '--continue-on-error']
[0.052s] DEBUG:colcon:Parsed command line arguments: Namespace(log_base=None, log_level=None, verb_name='build', build_base='build', install_base='install', merge_install=False, symlink_install=True, test_result_base=None, continue_on_error=True, executor='parallel', parallel_workers=16, event_handlers=None, ignore_user_meta=False, metas=['./colcon.meta'], base_paths=['.'], packages_ignore=None, packages_ignore_regex=None, paths=None, packages_up_to=None, packages_up_to_regex=None, packages_above=None, packages_above_and_dependencies=None, packages_above_depth=None, packages_select_by_dep=None, packages_skip_by_dep=None, packages_skip_up_to=None, packages_select_build_failed=False, packages_skip_build_finished=False, packages_select_test_failures=False, packages_skip_test_passed=False, packages_select=None, packages_skip=None, packages_select_regex=None, packages_skip_regex=None, packages_start=None, packages_end=None, allow_overriding=[], cmake_args=None, cmake_target=None, cmake_target_skip_unavailable=False, cmake_clean_cache=False, cmake_clean_first=False, cmake_force_configure=False, ament_cmake_args=None, catkin_cmake_args=None, catkin_skip_building_tests=False, verb_parser=<colcon_defaults.argument_parser.defaults.DefaultArgumentsDecorator object at 0x7c10d6cefb20>, verb_extension=<colcon_core.verb.build.BuildVerb object at 0x7c10d6cef5b0>, main=<bound method BuildVerb.main of <colcon_core.verb.build.BuildVerb object at 0x7c10d6cef5b0>>)
[0.126s] Level 1:colcon.colcon_core.package_discovery:discover_packages(colcon_meta) check parameters
[0.126s] Level 1:colcon.colcon_core.package_discovery:discover_packages(recursive) check parameters
[0.126s] Level 1:colcon.colcon_core.package_discovery:discover_packages(ignore) check parameters
[0.126s] Level 1:colcon.colcon_core.package_discovery:discover_packages(path) check parameters
[0.126s] Level 1:colcon.colcon_core.package_discovery:discover_packages(colcon_meta) discover
[0.126s] Level 1:colcon.colcon_core.package_discovery:discover_packages(recursive) discover
[0.126s] INFO:colcon.colcon_core.package_discovery:Crawling recursively for packages in '/home/nuc11/fast_livo2_bxi4/src/livox_ros_driver2'
[0.126s] Level 1:colcon.colcon_core.package_identification:_identify(.) by extensions ['ignore', 'ignore_ament_install']
[0.126s] Level 1:colcon.colcon_core.package_identification:_identify(.) by extension 'ignore'
[0.126s] Level 1:colcon.colcon_core.package_identification:_identify(.) by extension 'ignore_ament_install'
[0.126s] Level 1:colcon.colcon_core.package_identification:_identify(.) by extensions ['colcon_pkg']
[0.126s] Level 1:colcon.colcon_core.package_identification:_identify(.) by extension 'colcon_pkg'
[0.126s] Level 1:colcon.colcon_core.package_identification:_identify(.) by extensions ['colcon_meta']
[0.126s] Level 1:colcon.colcon_core.package_identification:_identify(.) by extension 'colcon_meta'
[0.126s] Level 1:colcon.colcon_core.package_identification:_identify(.) by extensions ['ros']
[0.126s] Level 1:colcon.colcon_core.package_identification:_identify(.) by extension 'ros'
[0.134s] DEBUG:colcon.colcon_core.package_identification:Package '.' with type 'ros.ament_cmake' and name 'livox_ros_driver2'
[0.134s] Level 1:colcon.colcon_core.package_discovery:discover_packages(recursive) using defaults
[0.134s] Level 1:colcon.colcon_core.package_discovery:discover_packages(ignore) discover
[0.134s] Level 1:colcon.colcon_core.package_discovery:discover_packages(ignore) using defaults
[0.134s] Level 1:colcon.colcon_core.package_discovery:discover_packages(path) discover
[0.134s] Level 1:colcon.colcon_core.package_discovery:discover_packages(path) using defaults
[0.144s] Level 1:colcon.colcon_core.package_discovery:discover_packages(prefix_path) check parameters
[0.144s] Level 1:colcon.colcon_core.package_discovery:discover_packages(prefix_path) discover
[0.145s] DEBUG:colcon.colcon_installed_package_information.package_discovery:Found 4 installed packages in /home/nuc11/realsense_ws/install
[0.146s] DEBUG:colcon.colcon_installed_package_information.package_discovery:Found 344 installed packages in /opt/ros/humble
[0.152s] Level 1:colcon.colcon_core.package_discovery:discover_packages(prefix_path) using defaults
[0.171s] Level 5:colcon.colcon_core.verb:set package 'livox_ros_driver2' build argument 'cmake_args' from command line to 'None'
[0.171s] Level 5:colcon.colcon_core.verb:set package 'livox_ros_driver2' build argument 'cmake_target' from command line to 'None'
[0.171s] Level 5:colcon.colcon_core.verb:set package 'livox_ros_driver2' build argument 'cmake_target_skip_unavailable' from command line to 'False'
[0.171s] Level 5:colcon.colcon_core.verb:set package 'livox_ros_driver2' build argument 'cmake_clean_cache' from command line to 'False'
[0.171s] Level 5:colcon.colcon_core.verb:set package 'livox_ros_driver2' build argument 'cmake_clean_first' from command line to 'False'
[0.171s] Level 5:colcon.colcon_core.verb:set package 'livox_ros_driver2' build argument 'cmake_force_configure' from command line to 'False'
[0.171s] Level 5:colcon.colcon_core.verb:set package 'livox_ros_driver2' build argument 'ament_cmake_args' from command line to 'None'
[0.171s] Level 5:colcon.colcon_core.verb:set package 'livox_ros_driver2' build argument 'catkin_cmake_args' from command line to 'None'
[0.171s] Level 5:colcon.colcon_core.verb:set package 'livox_ros_driver2' build argument 'catkin_skip_building_tests' from command line to 'False'
[0.171s] DEBUG:colcon.colcon_core.verb:Building package 'livox_ros_driver2' with the following arguments: {'ament_cmake_args': None, 'build_base': '/home/nuc11/fast_livo2_bxi4/src/livox_ros_driver2/build/livox_ros_driver2', 'catkin_cmake_args': None, 'catkin_skip_building_tests': False, 'cmake_args': None, 'cmake_clean_cache': False, 'cmake_clean_first': False, 'cmake_force_configure': False, 'cmake_target': None, 'cmake_target_skip_unavailable': False, 'install_base': '/home/nuc11/fast_livo2_bxi4/src/livox_ros_driver2/install/livox_ros_driver2', 'merge_install': False, 'path': '/home/nuc11/fast_livo2_bxi4/src/livox_ros_driver2', 'symlink_install': True, 'test_result_base': None}
[0.171s] INFO:colcon.colcon_core.executor:Executing jobs using 'parallel' executor
[0.172s] DEBUG:colcon.colcon_parallel_executor.executor.parallel:run_until_complete
[0.172s] INFO:colcon.colcon_ros.task.ament_cmake.build:Building ROS package in '/home/nuc11/fast_livo2_bxi4/src/livox_ros_driver2' with build type 'ament_cmake'
[0.172s] INFO:colcon.colcon_cmake.task.cmake.build:Building CMake package in '/home/nuc11/fast_livo2_bxi4/src/livox_ros_driver2'
[0.173s] INFO:colcon.colcon_core.plugin_system:Skipping extension 'colcon_core.shell.bat': Not used on non-Windows systems
[0.173s] INFO:colcon.colcon_core.shell:Skip shell extension 'powershell' for command environment: Not usable outside of PowerShell
[0.173s] DEBUG:colcon.colcon_core.shell:Skip shell extension 'dsv' for command environment
[0.182s] DEBUG:colcon.colcon_core.event_handler.log_command:Invoking command in '/home/nuc11/fast_livo2_bxi4/src/livox_ros_driver2/build/livox_ros_driver2': CMAKE_PREFIX_PATH=${CMAKE_PREFIX_PATH}:/opt/ros/humble /usr/bin/cmake /home/nuc11/fast_livo2_bxi4/src/livox_ros_driver2 -DAMENT_CMAKE_SYMLINK_INSTALL=1 -DCMAKE_INSTALL_PREFIX=/home/nuc11/fast_livo2_bxi4/src/livox_ros_driver2/install/livox_ros_driver2
[3.203s] DEBUG:colcon.colcon_core.event_handler.log_command:Invoked command in '/home/nuc11/fast_livo2_bxi4/src/livox_ros_driver2/build/livox_ros_driver2' returned '1': CMAKE_PREFIX_PATH=${CMAKE_PREFIX_PATH}:/opt/ros/humble /usr/bin/cmake /home/nuc11/fast_livo2_bxi4/src/livox_ros_driver2 -DAMENT_CMAKE_SYMLINK_INSTALL=1 -DCMAKE_INSTALL_PREFIX=/home/nuc11/fast_livo2_bxi4/src/livox_ros_driver2/install/livox_ros_driver2
[3.219s] Level 1:colcon.colcon_core.environment:create_environment_scripts_only(livox_ros_driver2)
[3.220s] Level 1:colcon.colcon_core.environment:checking '/home/nuc11/fast_livo2_bxi4/src/livox_ros_driver2/install/livox_ros_driver2' for CMake module files
[3.220s] Level 1:colcon.colcon_core.environment:checking '/home/nuc11/fast_livo2_bxi4/src/livox_ros_driver2/install/livox_ros_driver2' for CMake config files
[3.221s] Level 1:colcon.colcon_core.environment:checking '/home/nuc11/fast_livo2_bxi4/src/livox_ros_driver2/install/livox_ros_driver2/bin'
[3.221s] Level 1:colcon.colcon_core.environment:checking '/home/nuc11/fast_livo2_bxi4/src/livox_ros_driver2/install/livox_ros_driver2/lib/pkgconfig/livox_ros_driver2.pc'
[3.221s] Level 1:colcon.colcon_core.environment:checking '/home/nuc11/fast_livo2_bxi4/src/livox_ros_driver2/install/livox_ros_driver2/lib/python3.10/site-packages'
[3.221s] Level 1:colcon.colcon_core.environment:checking '/home/nuc11/fast_livo2_bxi4/src/livox_ros_driver2/install/livox_ros_driver2/bin'
[3.221s] INFO:colcon.colcon_core.shell:Creating package script '/home/nuc11/fast_livo2_bxi4/src/livox_ros_driver2/install/livox_ros_driver2/share/livox_ros_driver2/package.ps1'
[3.221s] INFO:colcon.colcon_core.shell:Creating package descriptor '/home/nuc11/fast_livo2_bxi4/src/livox_ros_driver2/install/livox_ros_driver2/share/livox_ros_driver2/package.dsv'
[3.222s] INFO:colcon.colcon_core.shell:Creating package script '/home/nuc11/fast_livo2_bxi4/src/livox_ros_driver2/install/livox_ros_driver2/share/livox_ros_driver2/package.sh'
[3.222s] INFO:colcon.colcon_core.shell:Creating package script '/home/nuc11/fast_livo2_bxi4/src/livox_ros_driver2/install/livox_ros_driver2/share/livox_ros_driver2/package.bash'
[3.222s] INFO:colcon.colcon_core.shell:Creating package script '/home/nuc11/fast_livo2_bxi4/src/livox_ros_driver2/install/livox_ros_driver2/share/livox_ros_driver2/package.zsh'
[3.223s] Level 1:colcon.colcon_core.environment:create_file_with_runtime_dependencies(/home/nuc11/fast_livo2_bxi4/src/livox_ros_driver2/install/livox_ros_driver2/share/colcon-core/packages/livox_ros_driver2)
[3.233s] DEBUG:colcon.colcon_parallel_executor.executor.parallel:closing loop
[3.233s] DEBUG:colcon.colcon_parallel_executor.executor.parallel:loop closed
[3.233s] DEBUG:colcon.colcon_parallel_executor.executor.parallel:run_until_complete finished with '1'
[3.233s] DEBUG:colcon.colcon_core.event_reactor:joining thread
[3.236s] INFO:colcon.colcon_core.plugin_system:Skipping extension 'colcon_notification.desktop_notification.terminal_notifier': Not used on non-Darwin systems
[3.236s] INFO:colcon.colcon_core.plugin_system:Skipping extension 'colcon_notification.desktop_notification.win32': Not used on non-Windows systems
[3.236s] INFO:colcon.colcon_notification.desktop_notification:Sending desktop notification using 'notify2'
[3.245s] DEBUG:colcon.colcon_core.event_reactor:joined thread
[3.245s] INFO:colcon.colcon_core.shell:Creating prefix script '/home/nuc11/fast_livo2_bxi4/src/livox_ros_driver2/install/local_setup.ps1'
[3.245s] INFO:colcon.colcon_core.shell:Creating prefix util module '/home/nuc11/fast_livo2_bxi4/src/livox_ros_driver2/install/_local_setup_util_ps1.py'
[3.246s] INFO:colcon.colcon_core.shell:Creating prefix chain script '/home/nuc11/fast_livo2_bxi4/src/livox_ros_driver2/install/setup.ps1'
[3.246s] INFO:colcon.colcon_core.shell:Creating prefix script '/home/nuc11/fast_livo2_bxi4/src/livox_ros_driver2/install/local_setup.sh'
[3.247s] INFO:colcon.colcon_core.shell:Creating prefix util module '/home/nuc11/fast_livo2_bxi4/src/livox_ros_driver2/install/_local_setup_util_sh.py'
[3.247s] INFO:colcon.colcon_core.shell:Creating prefix chain script '/home/nuc11/fast_livo2_bxi4/src/livox_ros_driver2/install/setup.sh'
[3.247s] INFO:colcon.colcon_core.shell:Creating prefix script '/home/nuc11/fast_livo2_bxi4/src/livox_ros_driver2/install/local_setup.bash'
[3.248s] INFO:colcon.colcon_core.shell:Creating prefix chain script '/home/nuc11/fast_livo2_bxi4/src/livox_ros_driver2/install/setup.bash'
[3.248s] INFO:colcon.colcon_core.shell:Creating prefix script '/home/nuc11/fast_livo2_bxi4/src/livox_ros_driver2/install/local_setup.zsh'
[3.248s] INFO:colcon.colcon_core.shell:Creating prefix chain script '/home/nuc11/fast_livo2_bxi4/src/livox_ros_driver2/install/setup.zsh'
